healthy-food/android/app/build/intermediates/manifest_merge_blame_file/release/processReleaseMainManifest/manifest-merger-blame-release-report.txt
1<?xml version="1.0" encoding="utf-8"?>
2<manifest xmlns:android="http://schemas.android.com/apk/res/android"
3    package="com.nutrigo.app"
4    android:versionCode="1"
5    android:versionName="1.0.0" >
6
7    <uses-sdk
8        android:minSdkVersion="24"
9        android:targetSdkVersion="34" />
10
11    <uses-permission android:name="android.permission.INTERNET" />
11-->src/main/AndroidManifest.xml:2:3-64
11-->src/main/AndroidManifest.xml:2:20-62
12    <uses-permission
12-->src/main/AndroidManifest.xml:3:3-77
13        android:name="android.permission.READ_EXTERNAL_STORAGE"
13-->src/main/AndroidManifest.xml:3:20-75
14        android:maxSdkVersion="32" />
14-->[:expo-image] AndroidManifest.xml:17:9-35
15    <uses-permission android:name="android.permission.SYSTEM_ALERT_WINDOW" />
15-->src/main/AndroidManifest.xml:4:3-75
15-->src/main/AndroidManifest.xml:4:20-73
16    <uses-permission android:name="android.permission.VIBRATE" />
16-->src/main/AndroidManifest.xml:5:3-63
16-->src/main/AndroidManifest.xml:5:20-61
17    <uses-permission android:name="android.permission.WRITE_EXTERNAL_STORAGE" />
17-->src/main/AndroidManifest.xml:6:3-78
17-->src/main/AndroidManifest.xml:6:20-76
18
19    <queries>
19-->src/main/AndroidManifest.xml:7:3-13:13
20        <intent>
20-->src/main/AndroidManifest.xml:8:5-12:14
21            <action android:name="android.intent.action.VIEW" />
21-->src/main/AndroidManifest.xml:9:7-58
21-->src/main/AndroidManifest.xml:9:15-56
22
23            <category android:name="android.intent.category.BROWSABLE" />
23-->src/main/AndroidManifest.xml:10:7-67
23-->src/main/AndroidManifest.xml:10:17-65
24
25            <data android:scheme="https" />
25-->src/main/AndroidManifest.xml:11:7-37
25-->src/main/AndroidManifest.xml:11:13-35
26        </intent>
27        <!-- Query open documents -->
28        <intent>
28-->[:expo-file-system] AndroidManifest.xml:15:9-17:18
29            <action android:name="android.intent.action.OPEN_DOCUMENT_TREE" />
29-->[:expo-file-system] AndroidManifest.xml:16:13-79
29-->[:expo-file-system] AndroidManifest.xml:16:21-76
30        </intent>
31    </queries>
32
33    <uses-permission android:name="android.permission.WAKE_LOCK" />
33-->[:react-native-firebase_messaging] AndroidManifest.xml:8:5-68
33-->[:react-native-firebase_messaging] AndroidManifest.xml:8:22-65
34    <uses-permission android:name="android.permission.ACCESS_NETWORK_STATE" />
34-->[:react-native-firebase_messaging] AndroidManifest.xml:9:5-79
34-->[:react-native-firebase_messaging] AndroidManifest.xml:9:22-76
35    <uses-permission android:name="android.permission.RECEIVE_BOOT_COMPLETED" />
35-->[androidx.work:work-runtime:2.8.0] AndroidManifest.xml:25:5-81
35-->[androidx.work:work-runtime:2.8.0] AndroidManifest.xml:25:22-78
36    <uses-permission android:name="android.permission.FOREGROUND_SERVICE" />
36-->[androidx.work:work-runtime:2.8.0] AndroidManifest.xml:26:5-77
36-->[androidx.work:work-runtime:2.8.0] AndroidManifest.xml:26:22-74
37    <uses-permission android:name="android.permission.POST_NOTIFICATIONS" /> <!-- Required by older versions of Google Play services to create IID tokens -->
37-->[com.google.firebase:firebase-messaging:24.1.0] AndroidManifest.xml:23:5-77
37-->[com.google.firebase:firebase-messaging:24.1.0] AndroidManifest.xml:23:22-74
38    <uses-permission android:name="com.google.android.c2dm.permission.RECEIVE" />
38-->[com.google.firebase:firebase-messaging:24.1.0] AndroidManifest.xml:26:5-82
38-->[com.google.firebase:firebase-messaging:24.1.0] AndroidManifest.xml:26:22-79
39
40    <permission
40-->[androidx.core:core:1.13.1] AndroidManifest.xml:22:5-24:47
41        android:name="com.nutrigo.app.DYNAMIC_RECEIVER_NOT_EXPORTED_PERMISSION"
41-->[androidx.core:core:1.13.1] AndroidManifest.xml:23:9-81
42        android:protectionLevel="signature" />
42-->[androidx.core:core:1.13.1] AndroidManifest.xml:24:9-44
43
44    <uses-permission android:name="com.nutrigo.app.DYNAMIC_RECEIVER_NOT_EXPORTED_PERMISSION" />
44-->[androidx.core:core:1.13.1] AndroidManifest.xml:26:5-97
44-->[androidx.core:core:1.13.1] AndroidManifest.xml:26:22-94
45    <uses-permission android:name="android.permission.SCHEDULE_EXACT_ALARM" />
45-->[app.notifee:core:202108261754] AndroidManifest.xml:16:5-79
45-->[app.notifee:core:202108261754] AndroidManifest.xml:16:22-76
46    <uses-permission
46-->[app.notifee:core:202108261754] AndroidManifest.xml:17:5-19:38
47        android:name="android.permission.BROADCAST_CLOSE_SYSTEM_DIALOGS"
47-->[app.notifee:core:202108261754] AndroidManifest.xml:18:9-73
48        android:maxSdkVersion="30" /> <!-- For Xiaomi devices to enable heads-up notifications as default (https://github.com/invertase/notifee/issues/296) -->
48-->[app.notifee:core:202108261754] AndroidManifest.xml:19:9-35
49    <uses-permission
49-->[app.notifee:core:202108261754] AndroidManifest.xml:21:5-23:38
50        android:name="android.permission.ACCESS_NOTIFICATION_POLICY"
50-->[app.notifee:core:202108261754] AndroidManifest.xml:22:9-69
51        android:minSdkVersion="23" />
51-->[app.notifee:core:202108261754] AndroidManifest.xml:23:9-35
52
53    <application
53-->src/main/AndroidManifest.xml:14:3-33:17
54        android:name="com.nutrigo.app.MainApplication"
54-->src/main/AndroidManifest.xml:14:16-47
55        android:allowBackup="true"
55-->src/main/AndroidManifest.xml:14:162-188
56        android:appComponentFactory="androidx.core.app.CoreComponentFactory"
56-->[androidx.core:core:1.13.1] AndroidManifest.xml:28:18-86
57        android:debuggable="true"
58        android:extractNativeLibs="false"
59        android:icon="@mipmap/ic_launcher"
59-->src/main/AndroidManifest.xml:14:81-115
60        android:label="@string/app_name"
60-->src/main/AndroidManifest.xml:14:48-80
61        android:roundIcon="@mipmap/ic_launcher_round"
61-->src/main/AndroidManifest.xml:14:116-161
62        android:supportsRtl="true"
62-->src/main/AndroidManifest.xml:14:221-247
63        android:theme="@style/AppTheme" >
63-->src/main/AndroidManifest.xml:14:189-220
64        <profileable android:shell="true" />
64-->src/main/AndroidManifest.xml:15:5-41
64-->src/main/AndroidManifest.xml:15:18-38
65
66        <meta-data
66-->src/main/AndroidManifest.xml:16:5-83
67            android:name="expo.modules.updates.ENABLED"
67-->src/main/AndroidManifest.xml:16:16-59
68            android:value="false" />
68-->src/main/AndroidManifest.xml:16:60-81
69        <meta-data
69-->src/main/AndroidManifest.xml:17:5-105
70            android:name="expo.modules.updates.EXPO_UPDATES_CHECK_ON_LAUNCH"
70-->src/main/AndroidManifest.xml:17:16-80
71            android:value="ALWAYS" />
71-->src/main/AndroidManifest.xml:17:81-103
72        <meta-data
72-->src/main/AndroidManifest.xml:18:5-99
73            android:name="expo.modules.updates.EXPO_UPDATES_LAUNCH_WAIT_MS"
73-->src/main/AndroidManifest.xml:18:16-79
74            android:value="0" />
74-->src/main/AndroidManifest.xml:18:80-97
75
76        <activity
76-->src/main/AndroidManifest.xml:19:5-32:16
77            android:name="com.nutrigo.app.MainActivity"
77-->src/main/AndroidManifest.xml:19:15-43
78            android:configChanges="keyboard|keyboardHidden|orientation|screenSize|screenLayout|uiMode"
78-->src/main/AndroidManifest.xml:19:44-134
79            android:exported="true"
79-->src/main/AndroidManifest.xml:19:256-279
80            android:launchMode="singleTask"
80-->src/main/AndroidManifest.xml:19:135-166
81            android:screenOrientation="portrait"
81-->src/main/AndroidManifest.xml:19:280-316
82            android:theme="@style/Theme.App.SplashScreen"
82-->src/main/AndroidManifest.xml:19:210-255
83            android:windowSoftInputMode="adjustResize" >
83-->src/main/AndroidManifest.xml:19:167-209
84            <intent-filter>
84-->src/main/AndroidManifest.xml:20:7-23:23
85                <action android:name="android.intent.action.MAIN" />
85-->src/main/AndroidManifest.xml:21:9-60
85-->src/main/AndroidManifest.xml:21:17-58
86
87                <category android:name="android.intent.category.LAUNCHER" />
87-->src/main/AndroidManifest.xml:22:9-68
87-->src/main/AndroidManifest.xml:22:19-66
88            </intent-filter>
89            <intent-filter>
89-->src/main/AndroidManifest.xml:24:7-31:23
90                <action android:name="android.intent.action.VIEW" />
90-->src/main/AndroidManifest.xml:9:7-58
90-->src/main/AndroidManifest.xml:9:15-56
91
92                <category android:name="android.intent.category.DEFAULT" />
92-->src/main/AndroidManifest.xml:26:9-67
92-->src/main/AndroidManifest.xml:26:19-65
93                <category android:name="android.intent.category.BROWSABLE" />
93-->src/main/AndroidManifest.xml:10:7-67
93-->src/main/AndroidManifest.xml:10:17-65
94
95                <data android:scheme="nutrigo" />
95-->src/main/AndroidManifest.xml:11:7-37
95-->src/main/AndroidManifest.xml:11:13-35
96                <data android:scheme="com.nutrigo.app" />
96-->src/main/AndroidManifest.xml:11:7-37
96-->src/main/AndroidManifest.xml:11:13-35
97                <data android:scheme="exp+nutrigo-app" />
97-->src/main/AndroidManifest.xml:11:7-37
97-->src/main/AndroidManifest.xml:11:13-35
98            </intent-filter>
99        </activity>
100
101        <provider
101-->[:notifee_react-native] AndroidManifest.xml:8:9-12:40
102            android:name="io.invertase.notifee.NotifeeInitProvider"
102-->[:notifee_react-native] AndroidManifest.xml:9:13-68
103            android:authorities="com.nutrigo.app.notifee-init-provider"
103-->[:notifee_react-native] AndroidManifest.xml:10:13-73
104            android:exported="false"
104-->[:notifee_react-native] AndroidManifest.xml:11:13-37
105            android:initOrder="-100" />
105-->[:notifee_react-native] AndroidManifest.xml:12:13-37
106
107        <service
107-->[:react-native-firebase_messaging] AndroidManifest.xml:12:9-14:40
108            android:name="io.invertase.firebase.messaging.ReactNativeFirebaseMessagingHeadlessService"
108-->[:react-native-firebase_messaging] AndroidManifest.xml:13:13-103
109            android:exported="false" />
109-->[:react-native-firebase_messaging] AndroidManifest.xml:14:13-37
110        <service
110-->[:react-native-firebase_messaging] AndroidManifest.xml:15:9-21:19
111            android:name="io.invertase.firebase.messaging.ReactNativeFirebaseMessagingService"
111-->[:react-native-firebase_messaging] AndroidManifest.xml:16:13-95
112            android:exported="false" >
112-->[:react-native-firebase_messaging] AndroidManifest.xml:17:13-37
113            <intent-filter>
113-->[:react-native-firebase_messaging] AndroidManifest.xml:18:13-20:29
114                <action android:name="com.google.firebase.MESSAGING_EVENT" />
114-->[:react-native-firebase_messaging] AndroidManifest.xml:19:17-78
114-->[:react-native-firebase_messaging] AndroidManifest.xml:19:25-75
115            </intent-filter>
116        </service>
117
118        <receiver
118-->[:react-native-firebase_messaging] AndroidManifest.xml:23:9-30:20
119            android:name="io.invertase.firebase.messaging.ReactNativeFirebaseMessagingReceiver"
119-->[:react-native-firebase_messaging] AndroidManifest.xml:24:13-96
120            android:exported="true"
120-->[:react-native-firebase_messaging] AndroidManifest.xml:25:13-36
121            android:permission="com.google.android.c2dm.permission.SEND" >
121-->[:react-native-firebase_messaging] AndroidManifest.xml:26:13-73
122            <intent-filter>
122-->[:react-native-firebase_messaging] AndroidManifest.xml:27:13-29:29
123                <action android:name="com.google.android.c2dm.intent.RECEIVE" />
123-->[:react-native-firebase_messaging] AndroidManifest.xml:28:17-81
123-->[:react-native-firebase_messaging] AndroidManifest.xml:28:25-78
124            </intent-filter>
125        </receiver>
126
127        <meta-data
127-->[:react-native-firebase_messaging] AndroidManifest.xml:32:9-34:36
128            android:name="firebase_messaging_auto_init_enabled"
128-->[:react-native-firebase_messaging] AndroidManifest.xml:33:13-64
129            android:value="true" />
129-->[:react-native-firebase_messaging] AndroidManifest.xml:34:13-33
130        <meta-data
130-->[:react-native-firebase_messaging] AndroidManifest.xml:35:9-37:32
131            android:name="com.google.firebase.messaging.default_notification_channel_id"
131-->[:react-native-firebase_messaging] AndroidManifest.xml:36:13-89
132            android:value="" />
132-->[:react-native-firebase_messaging] AndroidManifest.xml:37:13-29
133        <meta-data
133-->[:react-native-firebase_messaging] AndroidManifest.xml:38:9-40:47
134            android:name="com.google.firebase.messaging.default_notification_color"
134-->[:react-native-firebase_messaging] AndroidManifest.xml:39:13-84
135            android:resource="@color/white" />
135-->[:react-native-firebase_messaging] AndroidManifest.xml:40:13-44
136        <meta-data
136-->[:react-native-firebase_app] AndroidManifest.xml:9:9-11:36
137            android:name="app_data_collection_default_enabled"
137-->[:react-native-firebase_app] AndroidManifest.xml:10:13-63
138            android:value="true" />
138-->[:react-native-firebase_app] AndroidManifest.xml:11:13-33
139
140        <service
140-->[:react-native-firebase_app] AndroidManifest.xml:13:9-21:19
141            android:name="com.google.firebase.components.ComponentDiscoveryService"
141-->[:react-native-firebase_app] AndroidManifest.xml:14:13-84
142            android:directBootAware="true"
142-->[:react-native-firebase_app] AndroidManifest.xml:15:13-43
143            android:exported="false" >
143-->[:react-native-firebase_app] AndroidManifest.xml:16:13-37
144            <meta-data
144-->[:react-native-firebase_app] AndroidManifest.xml:18:13-20:85
145                android:name="com.google.firebase.components:io.invertase.firebase.app.ReactNativeFirebaseAppRegistrar"
145-->[:react-native-firebase_app] AndroidManifest.xml:19:17-120
146                android:value="com.google.firebase.components.ComponentRegistrar" />
146-->[:react-native-firebase_app] AndroidManifest.xml:20:17-82
147            <meta-data
147-->[com.google.firebase:firebase-messaging:24.1.0] AndroidManifest.xml:57:13-59:85
148                android:name="com.google.firebase.components:com.google.firebase.messaging.FirebaseMessagingKtxRegistrar"
148-->[com.google.firebase:firebase-messaging:24.1.0] AndroidManifest.xml:58:17-122
149                android:value="com.google.firebase.components.ComponentRegistrar" />
149-->[com.google.firebase:firebase-messaging:24.1.0] AndroidManifest.xml:59:17-82
150            <meta-data
150-->[com.google.firebase:firebase-messaging:24.1.0] AndroidManifest.xml:60:13-62:85
151                android:name="com.google.firebase.components:com.google.firebase.messaging.FirebaseMessagingRegistrar"
151-->[com.google.firebase:firebase-messaging:24.1.0] AndroidManifest.xml:61:17-119
152                android:value="com.google.firebase.components.ComponentRegistrar" />
152-->[com.google.firebase:firebase-messaging:24.1.0] AndroidManifest.xml:62:17-82
153            <meta-data
153-->[com.google.firebase:firebase-installations:18.0.0] AndroidManifest.xml:15:13-17:85
154                android:name="com.google.firebase.components:com.google.firebase.installations.FirebaseInstallationsKtxRegistrar"
154-->[com.google.firebase:firebase-installations:18.0.0] AndroidManifest.xml:16:17-130
155                android:value="com.google.firebase.components.ComponentRegistrar" />
155-->[com.google.firebase:firebase-installations:18.0.0] AndroidManifest.xml:17:17-82
156            <meta-data
156-->[com.google.firebase:firebase-installations:18.0.0] AndroidManifest.xml:18:13-20:85
157                android:name="com.google.firebase.components:com.google.firebase.installations.FirebaseInstallationsRegistrar"
157-->[com.google.firebase:firebase-installations:18.0.0] AndroidManifest.xml:19:17-127
158                android:value="com.google.firebase.components.ComponentRegistrar" />
158-->[com.google.firebase:firebase-installations:18.0.0] AndroidManifest.xml:20:17-82
159            <meta-data
159-->[com.google.firebase:firebase-common-ktx:21.0.0] AndroidManifest.xml:12:13-14:85
160                android:name="com.google.firebase.components:com.google.firebase.ktx.FirebaseCommonLegacyRegistrar"
160-->[com.google.firebase:firebase-common-ktx:21.0.0] AndroidManifest.xml:13:17-116
161                android:value="com.google.firebase.components.ComponentRegistrar" />
161-->[com.google.firebase:firebase-common-ktx:21.0.0] AndroidManifest.xml:14:17-82
162            <meta-data
162-->[com.google.firebase:firebase-common:21.0.0] AndroidManifest.xml:35:13-37:85
163                android:name="com.google.firebase.components:com.google.firebase.FirebaseCommonKtxRegistrar"
163-->[com.google.firebase:firebase-common:21.0.0] AndroidManifest.xml:36:17-109
164                android:value="com.google.firebase.components.ComponentRegistrar" />
164-->[com.google.firebase:firebase-common:21.0.0] AndroidManifest.xml:37:17-82
165            <meta-data
165-->[com.google.firebase:firebase-datatransport:18.2.0] AndroidManifest.xml:25:13-27:85
166                android:name="com.google.firebase.components:com.google.firebase.datatransport.TransportRegistrar"
166-->[com.google.firebase:firebase-datatransport:18.2.0] AndroidManifest.xml:26:17-115
167                android:value="com.google.firebase.components.ComponentRegistrar" />
167-->[com.google.firebase:firebase-datatransport:18.2.0] AndroidManifest.xml:27:17-82
168        </service>
169
170        <provider
170-->[:react-native-firebase_app] AndroidManifest.xml:23:9-27:38
171            android:name="io.invertase.firebase.app.ReactNativeFirebaseAppInitProvider"
171-->[:react-native-firebase_app] AndroidManifest.xml:24:13-88
172            android:authorities="com.nutrigo.app.reactnativefirebaseappinitprovider"
172-->[:react-native-firebase_app] AndroidManifest.xml:25:13-86
173            android:exported="false"
173-->[:react-native-firebase_app] AndroidManifest.xml:26:13-37
174            android:initOrder="99" />
174-->[:react-native-firebase_app] AndroidManifest.xml:27:13-35
175        <provider
175-->[:expo-file-system] AndroidManifest.xml:21:9-30:20
176            android:name="expo.modules.filesystem.FileSystemFileProvider"
176-->[:expo-file-system] AndroidManifest.xml:22:13-74
177            android:authorities="com.nutrigo.app.FileSystemFileProvider"
177-->[:expo-file-system] AndroidManifest.xml:23:13-74
178            android:exported="false"
178-->[:expo-file-system] AndroidManifest.xml:24:13-37
179            android:grantUriPermissions="true" >
179-->[:expo-file-system] AndroidManifest.xml:25:13-47
180            <meta-data
180-->[:expo-file-system] AndroidManifest.xml:27:13-29:70
181                android:name="android.support.FILE_PROVIDER_PATHS"
181-->[:expo-file-system] AndroidManifest.xml:28:17-67
182                android:resource="@xml/file_system_provider_paths" />
182-->[:expo-file-system] AndroidManifest.xml:29:17-67
183        </provider>
184
185        <meta-data
185-->[:expo-modules-core] AndroidManifest.xml:9:9-11:89
186            android:name="org.unimodules.core.AppLoader#react-native-headless"
186-->[:expo-modules-core] AndroidManifest.xml:10:13-79
187            android:value="expo.modules.adapters.react.apploader.RNHeadlessAppLoader" />
187-->[:expo-modules-core] AndroidManifest.xml:11:13-86
188        <meta-data
188-->[:expo-modules-core] AndroidManifest.xml:12:9-15:45
189            android:name="com.facebook.soloader.enabled"
189-->[:expo-modules-core] AndroidManifest.xml:13:13-57
190            android:value="true" />
190-->[:expo-modules-core] AndroidManifest.xml:14:13-33
191
192        <provider
192-->[androidx.work:work-runtime:2.8.0] AndroidManifest.xml:29:9-37:20
193            android:name="androidx.startup.InitializationProvider"
193-->[androidx.work:work-runtime:2.8.0] AndroidManifest.xml:30:13-67
194            android:authorities="com.nutrigo.app.androidx-startup"
194-->[androidx.work:work-runtime:2.8.0] AndroidManifest.xml:31:13-68
195            android:exported="false" >
195-->[androidx.work:work-runtime:2.8.0] AndroidManifest.xml:32:13-37
196            <meta-data
196-->[androidx.work:work-runtime:2.8.0] AndroidManifest.xml:34:13-36:52
197                android:name="androidx.work.WorkManagerInitializer"
197-->[androidx.work:work-runtime:2.8.0] AndroidManifest.xml:35:17-68
198                android:value="androidx.startup" />
198-->[androidx.work:work-runtime:2.8.0] AndroidManifest.xml:36:17-49
199            <meta-data
199-->[androidx.emoji2:emoji2:1.3.0] AndroidManifest.xml:29:13-31:52
200                android:name="androidx.emoji2.text.EmojiCompatInitializer"
200-->[androidx.emoji2:emoji2:1.3.0] AndroidManifest.xml:30:17-75
201                android:value="androidx.startup" />
201-->[androidx.emoji2:emoji2:1.3.0] AndroidManifest.xml:31:17-49
202            <meta-data
202-->[androidx.lifecycle:lifecycle-process:2.8.3] AndroidManifest.xml:29:13-31:52
203                android:name="androidx.lifecycle.ProcessLifecycleInitializer"
203-->[androidx.lifecycle:lifecycle-process:2.8.3] AndroidManifest.xml:30:17-78
204                android:value="androidx.startup" />
204-->[androidx.lifecycle:lifecycle-process:2.8.3] AndroidManifest.xml:31:17-49
205            <meta-data
205-->[androidx.profileinstaller:profileinstaller:1.3.1] AndroidManifest.xml:29:13-31:52
206                android:name="androidx.profileinstaller.ProfileInstallerInitializer"
206-->[androidx.profileinstaller:profileinstaller:1.3.1] AndroidManifest.xml:30:17-85
207                android:value="androidx.startup" />
207-->[androidx.profileinstaller:profileinstaller:1.3.1] AndroidManifest.xml:31:17-49
208        </provider>
209
210        <service
210-->[androidx.work:work-runtime:2.8.0] AndroidManifest.xml:39:9-45:35
211            android:name="androidx.work.impl.background.systemalarm.SystemAlarmService"
211-->[androidx.work:work-runtime:2.8.0] AndroidManifest.xml:40:13-88
212            android:directBootAware="false"
212-->[androidx.work:work-runtime:2.8.0] AndroidManifest.xml:41:13-44
213            android:enabled="@bool/enable_system_alarm_service_default"
213-->[androidx.work:work-runtime:2.8.0] AndroidManifest.xml:42:13-72
214            android:exported="false" />
214-->[androidx.work:work-runtime:2.8.0] AndroidManifest.xml:43:13-37
215        <service
215-->[androidx.work:work-runtime:2.8.0] AndroidManifest.xml:46:9-52:35
216            android:name="androidx.work.impl.background.systemjob.SystemJobService"
216-->[androidx.work:work-runtime:2.8.0] AndroidManifest.xml:47:13-84
217            android:directBootAware="false"
217-->[androidx.work:work-runtime:2.8.0] AndroidManifest.xml:48:13-44
218            android:enabled="@bool/enable_system_job_service_default"
218-->[androidx.work:work-runtime:2.8.0] AndroidManifest.xml:49:13-70
219            android:exported="true"
219-->[androidx.work:work-runtime:2.8.0] AndroidManifest.xml:50:13-36
220            android:permission="android.permission.BIND_JOB_SERVICE" />
220-->[androidx.work:work-runtime:2.8.0] AndroidManifest.xml:51:13-69
221        <service
221-->[androidx.work:work-runtime:2.8.0] AndroidManifest.xml:53:9-59:35
222            android:name="androidx.work.impl.foreground.SystemForegroundService"
222-->[androidx.work:work-runtime:2.8.0] AndroidManifest.xml:54:13-81
223            android:directBootAware="false"
223-->[androidx.work:work-runtime:2.8.0] AndroidManifest.xml:55:13-44
224            android:enabled="@bool/enable_system_foreground_service_default"
224-->[androidx.work:work-runtime:2.8.0] AndroidManifest.xml:56:13-77
225            android:exported="false" />
225-->[androidx.work:work-runtime:2.8.0] AndroidManifest.xml:57:13-37
226
227        <receiver
227-->[androidx.work:work-runtime:2.8.0] AndroidManifest.xml:61:9-66:35
228            android:name="androidx.work.impl.utils.ForceStopRunnable$BroadcastReceiver"
228-->[androidx.work:work-runtime:2.8.0] AndroidManifest.xml:62:13-88
229            android:directBootAware="false"
229-->[androidx.work:work-runtime:2.8.0] AndroidManifest.xml:63:13-44
230            android:enabled="true"
230-->[androidx.work:work-runtime:2.8.0] AndroidManifest.xml:64:13-35
231            android:exported="false" />
231-->[androidx.work:work-runtime:2.8.0] AndroidManifest.xml:65:13-37
232        <receiver
232-->[androidx.work:work-runtime:2.8.0] AndroidManifest.xml:67:9-77:20
233            android:name="androidx.work.impl.background.systemalarm.ConstraintProxy$BatteryChargingProxy"
233-->[androidx.work:work-runtime:2.8.0] AndroidManifest.xml:68:13-106
234            android:directBootAware="false"
234-->[androidx.work:work-runtime:2.8.0] AndroidManifest.xml:69:13-44
235            android:enabled="false"
235-->[androidx.work:work-runtime:2.8.0] AndroidManifest.xml:70:13-36
236            android:exported="false" >
236-->[androidx.work:work-runtime:2.8.0] AndroidManifest.xml:71:13-37
237            <intent-filter>
237-->[androidx.work:work-runtime:2.8.0] AndroidManifest.xml:73:13-76:29
238                <action android:name="android.intent.action.ACTION_POWER_CONNECTED" />
238-->[androidx.work:work-runtime:2.8.0] AndroidManifest.xml:74:17-87
238-->[androidx.work:work-runtime:2.8.0] AndroidManifest.xml:74:25-84
239                <action android:name="android.intent.action.ACTION_POWER_DISCONNECTED" />
239-->[androidx.work:work-runtime:2.8.0] AndroidManifest.xml:75:17-90
239-->[androidx.work:work-runtime:2.8.0] AndroidManifest.xml:75:25-87
240            </intent-filter>
241        </receiver>
242        <receiver
242-->[androidx.work:work-runtime:2.8.0] AndroidManifest.xml:78:9-88:20
243            android:name="androidx.work.impl.background.systemalarm.ConstraintProxy$BatteryNotLowProxy"
243-->[androidx.work:work-runtime:2.8.0] AndroidManifest.xml:79:13-104
244            android:directBootAware="false"
244-->[androidx.work:work-runtime:2.8.0] AndroidManifest.xml:80:13-44
245            android:enabled="false"
245-->[androidx.work:work-runtime:2.8.0] AndroidManifest.xml:81:13-36
246            android:exported="false" >
246-->[androidx.work:work-runtime:2.8.0] AndroidManifest.xml:82:13-37
247            <intent-filter>
247-->[androidx.work:work-runtime:2.8.0] AndroidManifest.xml:84:13-87:29
248                <action android:name="android.intent.action.BATTERY_OKAY" />
248-->[androidx.work:work-runtime:2.8.0] AndroidManifest.xml:85:17-77
248-->[androidx.work:work-runtime:2.8.0] AndroidManifest.xml:85:25-74
249                <action android:name="android.intent.action.BATTERY_LOW" />
249-->[androidx.work:work-runtime:2.8.0] AndroidManifest.xml:86:17-76
249-->[androidx.work:work-runtime:2.8.0] AndroidManifest.xml:86:25-73
250            </intent-filter>
251        </receiver>
252        <receiver
252-->[androidx.work:work-runtime:2.8.0] AndroidManifest.xml:89:9-99:20
253            android:name="androidx.work.impl.background.systemalarm.ConstraintProxy$StorageNotLowProxy"
253-->[androidx.work:work-runtime:2.8.0] AndroidManifest.xml:90:13-104
254            android:directBootAware="false"
254-->[androidx.work:work-runtime:2.8.0] AndroidManifest.xml:91:13-44
255            android:enabled="false"
255-->[androidx.work:work-runtime:2.8.0] AndroidManifest.xml:92:13-36
256            android:exported="false" >
256-->[androidx.work:work-runtime:2.8.0] AndroidManifest.xml:93:13-37
257            <intent-filter>
257-->[androidx.work:work-runtime:2.8.0] AndroidManifest.xml:95:13-98:29
258                <action android:name="android.intent.action.DEVICE_STORAGE_LOW" />
258-->[androidx.work:work-runtime:2.8.0] AndroidManifest.xml:96:17-83
258-->[androidx.work:work-runtime:2.8.0] AndroidManifest.xml:96:25-80
259                <action android:name="android.intent.action.DEVICE_STORAGE_OK" />
259-->[androidx.work:work-runtime:2.8.0] AndroidManifest.xml:97:17-82
259-->[androidx.work:work-runtime:2.8.0] AndroidManifest.xml:97:25-79
260            </intent-filter>
261        </receiver>
262        <receiver
262-->[androidx.work:work-runtime:2.8.0] AndroidManifest.xml:100:9-109:20
263            android:name="androidx.work.impl.background.systemalarm.ConstraintProxy$NetworkStateProxy"
263-->[androidx.work:work-runtime:2.8.0] AndroidManifest.xml:101:13-103
264            android:directBootAware="false"
264-->[androidx.work:work-runtime:2.8.0] AndroidManifest.xml:102:13-44
265            android:enabled="false"
265-->[androidx.work:work-runtime:2.8.0] AndroidManifest.xml:103:13-36
266            android:exported="false" >
266-->[androidx.work:work-runtime:2.8.0] AndroidManifest.xml:104:13-37
267            <intent-filter>
267-->[androidx.work:work-runtime:2.8.0] AndroidManifest.xml:106:13-108:29
268                <action android:name="android.net.conn.CONNECTIVITY_CHANGE" />
268-->[androidx.work:work-runtime:2.8.0] AndroidManifest.xml:107:17-79
268-->[androidx.work:work-runtime:2.8.0] AndroidManifest.xml:107:25-76
269            </intent-filter>
270        </receiver>
271        <receiver
271-->[androidx.work:work-runtime:2.8.0] AndroidManifest.xml:110:9-121:20
272            android:name="androidx.work.impl.background.systemalarm.RescheduleReceiver"
272-->[androidx.work:work-runtime:2.8.0] AndroidManifest.xml:111:13-88
273            android:directBootAware="false"
273-->[androidx.work:work-runtime:2.8.0] AndroidManifest.xml:112:13-44
274            android:enabled="false"
274-->[androidx.work:work-runtime:2.8.0] AndroidManifest.xml:113:13-36
275            android:exported="false" >
275-->[androidx.work:work-runtime:2.8.0] AndroidManifest.xml:114:13-37
276            <intent-filter>
276-->[androidx.work:work-runtime:2.8.0] AndroidManifest.xml:116:13-120:29
277                <action android:name="android.intent.action.BOOT_COMPLETED" />
277-->[androidx.work:work-runtime:2.8.0] AndroidManifest.xml:117:17-79